<?xml version="1.0" encoding="UTF-8"?>
<!-- Generated by org.testng.reporters.JUnitReportReporter -->
<testsuite hostname="HDEV01W11099" failures="0" tests="1" name="tests.UiTests" time="3.187" errors="0" timestamp="2024-07-29T15:14:53 IDT" skipped="0">
  <testcase classname="tests.UiTests" name="testLogin" time="3.187"/>
</testsuite> <!-- tests.UiTests -->
